<?xml version="1.0" encoding="UTF-8"?>
<!-- Generated by org.testng.reporters.JUnitReportReporter -->
<testsuite hostname="JaisuryaRajasekhar" failures="0" tests="1" name="testCases.TC001_AccountRegistrationTest" time="1.591" errors="0" timestamp="2024-12-30T11:48:33 IST" skipped="0">
  <testcase classname="testCases.TC001_AccountRegistrationTest" name="verify_accreg" time="1.591"/>
</testsuite> <!-- testCases.TC001_AccountRegistrationTest -->
