<?xml version="1.0" encoding="UTF-8"?>
<!-- Generated by org.testng.reporters.JUnitReportReporter -->
<testsuite hostname="JaisuryaRajasekhar" failures="0" tests="1" name="testCases.TC002_LoginTest" time="1.059" errors="0" timestamp="2024-12-30T11:48:33 IST" skipped="0">
  <testcase classname="testCases.TC002_LoginTest" name="verify_login" time="1.059"/>
</testsuite> <!-- testCases.TC002_LoginTest -->
