<?xml version="1.0" encoding="UTF-8"?>
<!-- Generated by org.testng.reporters.JUnitReportReporter -->
<testsuite hostname="JaisuryaRajasekhar" failures="0" tests="1" name="testCases.TC001_AccountRegistrationTest" time="2.861" errors="0" timestamp="2024-12-30T12:11:41 IST" skipped="0">
  <testcase classname="testCases.TC001_AccountRegistrationTest" name="verify_accreg" time="2.861"/>
</testsuite> <!-- testCases.TC001_AccountRegistrationTest -->
